2025-01-11T01:04:41.737+01:00  INFO 9420 --- [restartedMain] com.messdiener.cms.v3.CMSXApplication    : Starting CMSXApplication using Java 23.0.1 with PID 9420 (X:\workspace\CentralManagmentSystemX\target\classes started by xcg54 in X:\workspace\CentralManagmentSystemX)
2025-01-11T01:04:41.746+01:00  INFO 9420 --- [restartedMain] com.messdiener.cms.v3.CMSXApplication    : No active profile set, falling back to 1 default profile: "default"
2025-01-11T01:04:41.779+01:00  INFO 9420 --- [restartedMain] .e.DevToolsPropertyDefaultsPostProcessor : Devtools property defaults active! Set 'spring.devtools.add-properties' to 'false' to disable
2025-01-11T01:04:41.780+01:00  INFO 9420 --- [restartedMain] .e.DevToolsPropertyDefaultsPostProcessor : For additional web related logging consider setting the 'logging.level.web' property to 'DEBUG'
2025-01-11T01:04:42.593+01:00  INFO 9420 --- [restartedMain] o.s.b.w.embedded.tomcat.TomcatWebServer  : Tomcat initialized with ports 9101 (https), 9001 (http)
2025-01-11T01:04:42.602+01:00  INFO 9420 --- [restartedMain] o.apache.catalina.core.StandardService   : Starting service [Tomcat]
2025-01-11T01:04:42.603+01:00  INFO 9420 --- [restartedMain] o.apache.catalina.core.StandardEngine    : Starting Servlet engine: [Apache Tomcat/10.1.34]
2025-01-11T01:04:42.635+01:00  INFO 9420 --- [restartedMain] o.a.c.c.C.[Tomcat].[localhost].[/]       : Initializing Spring embedded WebApplicationContext
2025-01-11T01:04:42.636+01:00  INFO 9420 --- [restartedMain] w.s.c.ServletWebServerApplicationContext : Root WebApplicationContext: initialization completed in 856 ms
2025-01-11T01:04:42.758+01:00  INFO 9420 --- [restartedMain] r$InitializeUserDetailsManagerConfigurer : Global AuthenticationManager configured with UserDetailsService bean with name userDetailsService
2025-01-11T01:04:42.800+01:00  INFO 9420 --- [restartedMain] o.s.b.a.w.s.WelcomePageHandlerMapping    : Adding welcome page template: index
2025-01-11T01:04:42.935+01:00  INFO 9420 --- [restartedMain] o.s.b.a.e.web.EndpointLinksResolver      : Exposing 1 endpoint beneath base path '/actuator'
2025-01-11T01:04:42.959+01:00  INFO 9420 --- [restartedMain] o.s.s.w.a.c.ChannelProcessingFilter      : Validated configuration attributes
2025-01-11T01:04:43.126+01:00  INFO 9420 --- [restartedMain] o.s.b.d.a.OptionalLiveReloadServer       : LiveReload server is running on port 35729
2025-01-11T01:04:43.282+01:00  INFO 9420 --- [restartedMain] o.a.t.util.net.NioEndpoint.certificate   : Connector [https-jsse-nio-9101], TLS virtual host [_default_], certificate type [UNDEFINED] configured from keystore [C:\Users\xcg54\.keystore] using alias [localhost] with trust store [null]
2025-01-11T01:04:43.294+01:00  INFO 9420 --- [restartedMain] o.s.b.w.embedded.tomcat.TomcatWebServer  : Tomcat started on ports 9101 (https), 9001 (http) with context path '/'
2025-01-11T01:04:43.301+01:00  INFO 9420 --- [restartedMain] com.messdiener.cms.v3.CMSXApplication    : Started CMSXApplication in 1.803 seconds (process running for 2.494)
2025-01-11T01:04:43.541+01:00  INFO 9420 --- [RMI TCP Connection(1)-192.168.178.110] o.a.c.c.C.[Tomcat].[localhost].[/]       : Initializing Spring DispatcherServlet 'dispatcherServlet'
2025-01-11T01:04:43.541+01:00  INFO 9420 --- [RMI TCP Connection(1)-192.168.178.110] o.s.web.servlet.DispatcherServlet        : Initializing Servlet 'dispatcherServlet'
2025-01-11T01:04:43.543+01:00  INFO 9420 --- [RMI TCP Connection(1)-192.168.178.110] o.s.web.servlet.DispatcherServlet        : Completed initialization in 1 ms
2025-01-11T01:16:46.653+01:00  INFO 9420 --- [File Watcher] rtingClassPathChangeChangedEventListener : Restarting due to 2 class path changes (0 additions, 1 deletion, 1 modification)
2025-01-11T01:16:46.656+01:00  INFO 9420 --- [Thread-5] o.s.b.w.e.tomcat.GracefulShutdown        : Commencing graceful shutdown. Waiting for active requests to complete
2025-01-11T01:16:46.661+01:00  INFO 9420 --- [tomcat-shutdown] o.s.b.w.e.tomcat.GracefulShutdown        : Graceful shutdown complete
2025-01-11T01:16:46.750+01:00  INFO 9420 --- [restartedMain] com.messdiener.cms.v3.CMSXApplication    : Starting CMSXApplication using Java 23.0.1 with PID 9420 (X:\workspace\CentralManagmentSystemX\target\classes started by xcg54 in X:\workspace\CentralManagmentSystemX)
2025-01-11T01:16:46.751+01:00  INFO 9420 --- [restartedMain] com.messdiener.cms.v3.CMSXApplication    : No active profile set, falling back to 1 default profile: "default"
2025-01-11T01:16:46.982+01:00  INFO 9420 --- [restartedMain] o.s.b.w.embedded.tomcat.TomcatWebServer  : Tomcat initialized with ports 9101 (https), 9001 (http)
2025-01-11T01:16:46.983+01:00  INFO 9420 --- [restartedMain] o.apache.catalina.core.StandardService   : Starting service [Tomcat]
2025-01-11T01:16:46.983+01:00  INFO 9420 --- [restartedMain] o.apache.catalina.core.StandardEngine    : Starting Servlet engine: [Apache Tomcat/10.1.34]
2025-01-11T01:16:46.996+01:00  INFO 9420 --- [restartedMain] o.a.c.c.C.[Tomcat].[localhost].[/]       : Initializing Spring embedded WebApplicationContext
2025-01-11T01:16:46.997+01:00  INFO 9420 --- [restartedMain] w.s.c.ServletWebServerApplicationContext : Root WebApplicationContext: initialization completed in 244 ms
2025-01-11T01:16:47.029+01:00  INFO 9420 --- [restartedMain] r$InitializeUserDetailsManagerConfigurer : Global AuthenticationManager configured with UserDetailsService bean with name userDetailsService
2025-01-11T01:16:47.035+01:00  INFO 9420 --- [restartedMain] o.s.b.a.w.s.WelcomePageHandlerMapping    : Adding welcome page template: index
2025-01-11T01:16:47.079+01:00  INFO 9420 --- [restartedMain] o.s.b.a.e.web.EndpointLinksResolver      : Exposing 1 endpoint beneath base path '/actuator'
2025-01-11T01:16:47.087+01:00  INFO 9420 --- [restartedMain] o.s.s.w.a.c.ChannelProcessingFilter      : Validated configuration attributes
2025-01-11T01:16:47.131+01:00  INFO 9420 --- [restartedMain] o.s.b.d.a.OptionalLiveReloadServer       : LiveReload server is running on port 35729
2025-01-11T01:16:47.192+01:00  INFO 9420 --- [restartedMain] o.a.t.util.net.NioEndpoint.certificate   : Connector [https-jsse-nio-9101], TLS virtual host [_default_], certificate type [UNDEFINED] configured from keystore [C:\Users\xcg54\.keystore] using alias [localhost] with trust store [null]
2025-01-11T01:16:47.197+01:00  INFO 9420 --- [restartedMain] o.s.b.w.embedded.tomcat.TomcatWebServer  : Tomcat started on ports 9101 (https), 9001 (http) with context path '/'
2025-01-11T01:16:47.201+01:00  INFO 9420 --- [restartedMain] com.messdiener.cms.v3.CMSXApplication    : Started CMSXApplication in 0.466 seconds (process running for 726.394)
2025-01-11T01:16:47.202+01:00  INFO 9420 --- [restartedMain] .ConditionEvaluationDeltaLoggingListener : Condition evaluation unchanged
2025-01-11T01:18:42.641+01:00  INFO 9420 --- [File Watcher] rtingClassPathChangeChangedEventListener : Restarting due to 2 class path changes (2 additions, 0 deletions, 0 modifications)
2025-01-11T01:18:42.642+01:00  INFO 9420 --- [Thread-7] o.s.b.w.e.tomcat.GracefulShutdown        : Commencing graceful shutdown. Waiting for active requests to complete
2025-01-11T01:18:42.647+01:00  INFO 9420 --- [tomcat-shutdown] o.s.b.w.e.tomcat.GracefulShutdown        : Graceful shutdown complete
2025-01-11T01:18:42.717+01:00  INFO 9420 --- [restartedMain] com.messdiener.cms.v3.CMSXApplication    : Starting CMSXApplication using Java 23.0.1 with PID 9420 (X:\workspace\CentralManagmentSystemX\target\classes started by xcg54 in X:\workspace\CentralManagmentSystemX)
2025-01-11T01:18:42.717+01:00  INFO 9420 --- [restartedMain] com.messdiener.cms.v3.CMSXApplication    : No active profile set, falling back to 1 default profile: "default"
2025-01-11T01:18:42.910+01:00  INFO 9420 --- [restartedMain] o.s.b.w.embedded.tomcat.TomcatWebServer  : Tomcat initialized with ports 9101 (https), 9001 (http)
2025-01-11T01:18:42.912+01:00  INFO 9420 --- [restartedMain] o.apache.catalina.core.StandardService   : Starting service [Tomcat]
2025-01-11T01:18:42.912+01:00  INFO 9420 --- [restartedMain] o.apache.catalina.core.StandardEngine    : Starting Servlet engine: [Apache Tomcat/10.1.34]
2025-01-11T01:18:42.923+01:00  INFO 9420 --- [restartedMain] o.a.c.c.C.[Tomcat].[localhost].[/]       : Initializing Spring embedded WebApplicationContext
2025-01-11T01:18:42.924+01:00  INFO 9420 --- [restartedMain] w.s.c.ServletWebServerApplicationContext : Root WebApplicationContext: initialization completed in 206 ms
2025-01-11T01:18:42.950+01:00  INFO 9420 --- [restartedMain] r$InitializeUserDetailsManagerConfigurer : Global AuthenticationManager configured with UserDetailsService bean with name userDetailsService
2025-01-11T01:18:42.955+01:00  INFO 9420 --- [restartedMain] o.s.b.a.w.s.WelcomePageHandlerMapping    : Adding welcome page template: index
2025-01-11T01:18:42.995+01:00  INFO 9420 --- [restartedMain] o.s.b.a.e.web.EndpointLinksResolver      : Exposing 1 endpoint beneath base path '/actuator'
2025-01-11T01:18:43.003+01:00  INFO 9420 --- [restartedMain] o.s.s.w.a.c.ChannelProcessingFilter      : Validated configuration attributes
2025-01-11T01:18:43.037+01:00  INFO 9420 --- [restartedMain] o.s.b.d.a.OptionalLiveReloadServer       : LiveReload server is running on port 35729
2025-01-11T01:18:43.094+01:00  INFO 9420 --- [restartedMain] o.a.t.util.net.NioEndpoint.certificate   : Connector [https-jsse-nio-9101], TLS virtual host [_default_], certificate type [UNDEFINED] configured from keystore [C:\Users\xcg54\.keystore] using alias [localhost] with trust store [null]
2025-01-11T01:18:43.098+01:00  INFO 9420 --- [restartedMain] o.s.b.w.embedded.tomcat.TomcatWebServer  : Tomcat started on ports 9101 (https), 9001 (http) with context path '/'
2025-01-11T01:18:43.100+01:00  INFO 9420 --- [restartedMain] com.messdiener.cms.v3.CMSXApplication    : Started CMSXApplication in 0.395 seconds (process running for 842.294)
2025-01-11T01:18:43.101+01:00  INFO 9420 --- [restartedMain] .ConditionEvaluationDeltaLoggingListener : Condition evaluation unchanged
2025-01-11T01:19:52.300+01:00  INFO 9420 --- [File Watcher] rtingClassPathChangeChangedEventListener : Restarting due to 2 class path changes (0 additions, 2 deletions, 0 modifications)
2025-01-11T01:19:52.301+01:00  INFO 9420 --- [Thread-11] o.s.b.w.e.tomcat.GracefulShutdown        : Commencing graceful shutdown. Waiting for active requests to complete
2025-01-11T01:19:52.305+01:00  INFO 9420 --- [tomcat-shutdown] o.s.b.w.e.tomcat.GracefulShutdown        : Graceful shutdown complete
2025-01-11T01:19:52.369+01:00  INFO 9420 --- [restartedMain] com.messdiener.cms.v3.CMSXApplication    : Starting CMSXApplication using Java 23.0.1 with PID 9420 (X:\workspace\CentralManagmentSystemX\target\classes started by xcg54 in X:\workspace\CentralManagmentSystemX)
2025-01-11T01:19:52.369+01:00  INFO 9420 --- [restartedMain] com.messdiener.cms.v3.CMSXApplication    : No active profile set, falling back to 1 default profile: "default"
2025-01-11T01:19:52.558+01:00  INFO 9420 --- [restartedMain] o.s.b.w.embedded.tomcat.TomcatWebServer  : Tomcat initialized with ports 9101 (https), 9001 (http)
2025-01-11T01:19:52.560+01:00  INFO 9420 --- [restartedMain] o.apache.catalina.core.StandardService   : Starting service [Tomcat]
2025-01-11T01:19:52.560+01:00  INFO 9420 --- [restartedMain] o.apache.catalina.core.StandardEngine    : Starting Servlet engine: [Apache Tomcat/10.1.34]
2025-01-11T01:19:52.572+01:00  INFO 9420 --- [restartedMain] o.a.c.c.C.[Tomcat].[localhost].[/]       : Initializing Spring embedded WebApplicationContext
2025-01-11T01:19:52.573+01:00  INFO 9420 --- [restartedMain] w.s.c.ServletWebServerApplicationContext : Root WebApplicationContext: initialization completed in 203 ms
2025-01-11T01:19:52.604+01:00  INFO 9420 --- [restartedMain] r$InitializeUserDetailsManagerConfigurer : Global AuthenticationManager configured with UserDetailsService bean with name userDetailsService
2025-01-11T01:19:52.609+01:00  INFO 9420 --- [restartedMain] o.s.b.a.w.s.WelcomePageHandlerMapping    : Adding welcome page template: index
2025-01-11T01:19:52.650+01:00  INFO 9420 --- [restartedMain] o.s.b.a.e.web.EndpointLinksResolver      : Exposing 1 endpoint beneath base path '/actuator'
2025-01-11T01:19:52.657+01:00  INFO 9420 --- [restartedMain] o.s.s.w.a.c.ChannelProcessingFilter      : Validated configuration attributes
2025-01-11T01:19:52.690+01:00  INFO 9420 --- [restartedMain] o.s.b.d.a.OptionalLiveReloadServer       : LiveReload server is running on port 35729
2025-01-11T01:19:52.748+01:00  INFO 9420 --- [restartedMain] o.a.t.util.net.NioEndpoint.certificate   : Connector [https-jsse-nio-9101], TLS virtual host [_default_], certificate type [UNDEFINED] configured from keystore [C:\Users\xcg54\.keystore] using alias [localhost] with trust store [null]
2025-01-11T01:19:52.752+01:00  INFO 9420 --- [restartedMain] o.s.b.w.embedded.tomcat.TomcatWebServer  : Tomcat started on ports 9101 (https), 9001 (http) with context path '/'
2025-01-11T01:19:52.755+01:00  INFO 9420 --- [restartedMain] com.messdiener.cms.v3.CMSXApplication    : Started CMSXApplication in 0.398 seconds (process running for 911.949)
2025-01-11T01:19:52.756+01:00  INFO 9420 --- [restartedMain] .ConditionEvaluationDeltaLoggingListener : Condition evaluation unchanged
2025-01-11T01:19:54.134+01:00  INFO 9420 --- [File Watcher] rtingClassPathChangeChangedEventListener : Restarting due to 2 class path changes (2 additions, 0 deletions, 0 modifications)
2025-01-11T01:19:54.135+01:00  INFO 9420 --- [Thread-15] o.s.b.w.e.tomcat.GracefulShutdown        : Commencing graceful shutdown. Waiting for active requests to complete
2025-01-11T01:19:54.139+01:00  INFO 9420 --- [tomcat-shutdown] o.s.b.w.e.tomcat.GracefulShutdown        : Graceful shutdown complete
2025-01-11T01:19:54.192+01:00  INFO 9420 --- [restartedMain] com.messdiener.cms.v3.CMSXApplication    : Starting CMSXApplication using Java 23.0.1 with PID 9420 (X:\workspace\CentralManagmentSystemX\target\classes started by xcg54 in X:\workspace\CentralManagmentSystemX)
2025-01-11T01:19:54.192+01:00  INFO 9420 --- [restartedMain] com.messdiener.cms.v3.CMSXApplication    : No active profile set, falling back to 1 default profile: "default"
2025-01-11T01:19:54.356+01:00  INFO 9420 --- [restartedMain] o.s.b.w.embedded.tomcat.TomcatWebServer  : Tomcat initialized with ports 9101 (https), 9001 (http)
2025-01-11T01:19:54.356+01:00  INFO 9420 --- [restartedMain] o.apache.catalina.core.StandardService   : Starting service [Tomcat]
2025-01-11T01:19:54.356+01:00  INFO 9420 --- [restartedMain] o.apache.catalina.core.StandardEngine    : Starting Servlet engine: [Apache Tomcat/10.1.34]
2025-01-11T01:19:54.367+01:00  INFO 9420 --- [restartedMain] o.a.c.c.C.[Tomcat].[localhost].[/]       : Initializing Spring embedded WebApplicationContext
2025-01-11T01:19:54.367+01:00  INFO 9420 --- [restartedMain] w.s.c.ServletWebServerApplicationContext : Root WebApplicationContext: initialization completed in 174 ms
2025-01-11T01:19:54.390+01:00  INFO 9420 --- [restartedMain] r$InitializeUserDetailsManagerConfigurer : Global AuthenticationManager configured with UserDetailsService bean with name userDetailsService
2025-01-11T01:19:54.394+01:00  INFO 9420 --- [restartedMain] o.s.b.a.w.s.WelcomePageHandlerMapping    : Adding welcome page template: index
2025-01-11T01:19:54.426+01:00  INFO 9420 --- [restartedMain] o.s.b.a.e.web.EndpointLinksResolver      : Exposing 1 endpoint beneath base path '/actuator'
2025-01-11T01:19:54.433+01:00  INFO 9420 --- [restartedMain] o.s.s.w.a.c.ChannelProcessingFilter      : Validated configuration attributes
2025-01-11T01:19:54.457+01:00  INFO 9420 --- [restartedMain] o.s.b.d.a.OptionalLiveReloadServer       : LiveReload server is running on port 35729
2025-01-11T01:19:54.510+01:00  INFO 9420 --- [restartedMain] o.a.t.util.net.NioEndpoint.certificate   : Connector [https-jsse-nio-9101], TLS virtual host [_default_], certificate type [UNDEFINED] configured from keystore [C:\Users\xcg54\.keystore] using alias [localhost] with trust store [null]
2025-01-11T01:19:54.513+01:00  INFO 9420 --- [restartedMain] o.s.b.w.embedded.tomcat.TomcatWebServer  : Tomcat started on ports 9101 (https), 9001 (http) with context path '/'
2025-01-11T01:19:54.517+01:00  INFO 9420 --- [restartedMain] com.messdiener.cms.v3.CMSXApplication    : Started CMSXApplication in 0.335 seconds (process running for 913.711)
2025-01-11T01:19:54.518+01:00  INFO 9420 --- [restartedMain] .ConditionEvaluationDeltaLoggingListener : Condition evaluation unchanged
2025-01-11T01:20:59.109+01:00  INFO 9420 --- [https-jsse-nio-9101-exec-5] o.a.c.c.C.[Tomcat].[localhost].[/]       : Initializing Spring DispatcherServlet 'dispatcherServlet'
2025-01-11T01:20:59.109+01:00  INFO 9420 --- [https-jsse-nio-9101-exec-5] o.s.web.servlet.DispatcherServlet        : Initializing Servlet 'dispatcherServlet'
2025-01-11T01:20:59.110+01:00  INFO 9420 --- [https-jsse-nio-9101-exec-5] o.s.web.servlet.DispatcherServlet        : Completed initialization in 0 ms
2025-01-11T01:21:02.535+01:00  INFO 9420 --- [File Watcher] rtingClassPathChangeChangedEventListener : Restarting due to 1 class path change (0 additions, 1 deletion, 0 modifications)
2025-01-11T01:21:02.537+01:00  INFO 9420 --- [Thread-19] o.s.b.w.e.tomcat.GracefulShutdown        : Commencing graceful shutdown. Waiting for active requests to complete
2025-01-11T01:21:02.541+01:00  INFO 9420 --- [tomcat-shutdown] o.s.b.w.e.tomcat.GracefulShutdown        : Graceful shutdown complete
2025-01-11T01:21:02.608+01:00  INFO 9420 --- [restartedMain] com.messdiener.cms.v3.CMSXApplication    : Starting CMSXApplication using Java 23.0.1 with PID 9420 (X:\workspace\CentralManagmentSystemX\target\classes started by xcg54 in X:\workspace\CentralManagmentSystemX)
2025-01-11T01:21:02.609+01:00  INFO 9420 --- [restartedMain] com.messdiener.cms.v3.CMSXApplication    : No active profile set, falling back to 1 default profile: "default"
2025-01-11T01:21:02.793+01:00  INFO 9420 --- [restartedMain] o.s.b.w.embedded.tomcat.TomcatWebServer  : Tomcat initialized with ports 9101 (https), 9001 (http)
2025-01-11T01:21:02.794+01:00  INFO 9420 --- [restartedMain] o.apache.catalina.core.StandardService   : Starting service [Tomcat]
2025-01-11T01:21:02.794+01:00  INFO 9420 --- [restartedMain] o.apache.catalina.core.StandardEngine    : Starting Servlet engine: [Apache Tomcat/10.1.34]
2025-01-11T01:21:02.809+01:00  INFO 9420 --- [restartedMain] o.a.c.c.C.[Tomcat].[localhost].[/]       : Initializing Spring embedded WebApplicationContext
2025-01-11T01:21:02.810+01:00  INFO 9420 --- [restartedMain] w.s.c.ServletWebServerApplicationContext : Root WebApplicationContext: initialization completed in 200 ms
2025-01-11T01:21:02.838+01:00  INFO 9420 --- [restartedMain] r$InitializeUserDetailsManagerConfigurer : Global AuthenticationManager configured with UserDetailsService bean with name userDetailsService
2025-01-11T01:21:02.843+01:00  INFO 9420 --- [restartedMain] o.s.b.a.w.s.WelcomePageHandlerMapping    : Adding welcome page template: index
2025-01-11T01:21:02.876+01:00  INFO 9420 --- [restartedMain] o.s.b.a.e.web.EndpointLinksResolver      : Exposing 1 endpoint beneath base path '/actuator'
2025-01-11T01:21:02.884+01:00  INFO 9420 --- [restartedMain] o.s.s.w.a.c.ChannelProcessingFilter      : Validated configuration attributes
2025-01-11T01:21:02.913+01:00  INFO 9420 --- [restartedMain] o.s.b.d.a.OptionalLiveReloadServer       : LiveReload server is running on port 35729
2025-01-11T01:21:02.970+01:00  INFO 9420 --- [restartedMain] o.a.t.util.net.NioEndpoint.certificate   : Connector [https-jsse-nio-9101], TLS virtual host [_default_], certificate type [UNDEFINED] configured from keystore [C:\Users\xcg54\.keystore] using alias [localhost] with trust store [null]
2025-01-11T01:21:02.975+01:00  INFO 9420 --- [restartedMain] o.s.b.w.embedded.tomcat.TomcatWebServer  : Tomcat started on ports 9101 (https), 9001 (http) with context path '/'
2025-01-11T01:21:02.980+01:00  INFO 9420 --- [restartedMain] com.messdiener.cms.v3.CMSXApplication    : Started CMSXApplication in 0.382 seconds (process running for 982.173)
2025-01-11T01:21:02.981+01:00  INFO 9420 --- [restartedMain] .ConditionEvaluationDeltaLoggingListener : Condition evaluation unchanged
2025-01-11T01:21:04.357+01:00  INFO 9420 --- [File Watcher] rtingClassPathChangeChangedEventListener : Restarting due to 1 class path change (1 addition, 0 deletions, 0 modifications)
2025-01-11T01:21:04.358+01:00  INFO 9420 --- [Thread-23] o.s.b.w.e.tomcat.GracefulShutdown        : Commencing graceful shutdown. Waiting for active requests to complete
2025-01-11T01:21:04.363+01:00  INFO 9420 --- [tomcat-shutdown] o.s.b.w.e.tomcat.GracefulShutdown        : Graceful shutdown complete
2025-01-11T01:21:04.428+01:00  INFO 9420 --- [restartedMain] com.messdiener.cms.v3.CMSXApplication    : Starting CMSXApplication using Java 23.0.1 with PID 9420 (X:\workspace\CentralManagmentSystemX\target\classes started by xcg54 in X:\workspace\CentralManagmentSystemX)
2025-01-11T01:21:04.428+01:00  INFO 9420 --- [restartedMain] com.messdiener.cms.v3.CMSXApplication    : No active profile set, falling back to 1 default profile: "default"
2025-01-11T01:21:04.608+01:00  INFO 9420 --- [restartedMain] o.s.b.w.embedded.tomcat.TomcatWebServer  : Tomcat initialized with ports 9101 (https), 9001 (http)
2025-01-11T01:21:04.608+01:00  INFO 9420 --- [restartedMain] o.apache.catalina.core.StandardService   : Starting service [Tomcat]
2025-01-11T01:21:04.608+01:00  INFO 9420 --- [restartedMain] o.apache.catalina.core.StandardEngine    : Starting Servlet engine: [Apache Tomcat/10.1.34]
2025-01-11T01:21:04.621+01:00  INFO 9420 --- [restartedMain] o.a.c.c.C.[Tomcat].[localhost].[/]       : Initializing Spring embedded WebApplicationContext
2025-01-11T01:21:04.621+01:00  INFO 9420 --- [restartedMain] w.s.c.ServletWebServerApplicationContext : Root WebApplicationContext: initialization completed in 192 ms
2025-01-11T01:21:04.648+01:00  INFO 9420 --- [restartedMain] r$InitializeUserDetailsManagerConfigurer : Global AuthenticationManager configured with UserDetailsService bean with name userDetailsService
2025-01-11T01:21:04.653+01:00  INFO 9420 --- [restartedMain] o.s.b.a.w.s.WelcomePageHandlerMapping    : Adding welcome page template: index
2025-01-11T01:21:04.687+01:00  INFO 9420 --- [restartedMain] o.s.b.a.e.web.EndpointLinksResolver      : Exposing 1 endpoint beneath base path '/actuator'
2025-01-11T01:21:04.695+01:00  INFO 9420 --- [restartedMain] o.s.s.w.a.c.ChannelProcessingFilter      : Validated configuration attributes
2025-01-11T01:21:04.722+01:00  INFO 9420 --- [restartedMain] o.s.b.d.a.OptionalLiveReloadServer       : LiveReload server is running on port 35729
2025-01-11T01:21:04.781+01:00  INFO 9420 --- [restartedMain] o.a.t.util.net.NioEndpoint.certificate   : Connector [https-jsse-nio-9101], TLS virtual host [_default_], certificate type [UNDEFINED] configured from keystore [C:\Users\xcg54\.keystore] using alias [localhost] with trust store [null]
2025-01-11T01:21:04.786+01:00  INFO 9420 --- [restartedMain] o.s.b.w.embedded.tomcat.TomcatWebServer  : Tomcat started on ports 9101 (https), 9001 (http) with context path '/'
2025-01-11T01:21:04.789+01:00  INFO 9420 --- [restartedMain] com.messdiener.cms.v3.CMSXApplication    : Started CMSXApplication in 0.373 seconds (process running for 983.982)
2025-01-11T01:21:04.789+01:00  INFO 9420 --- [restartedMain] .ConditionEvaluationDeltaLoggingListener : Condition evaluation unchanged
2025-01-11T01:21:12.100+01:00  INFO 9420 --- [https-jsse-nio-9101-exec-5] o.a.c.c.C.[Tomcat].[localhost].[/]       : Initializing Spring DispatcherServlet 'dispatcherServlet'
2025-01-11T01:21:12.100+01:00  INFO 9420 --- [https-jsse-nio-9101-exec-5] o.s.web.servlet.DispatcherServlet        : Initializing Servlet 'dispatcherServlet'
2025-01-11T01:21:12.101+01:00  INFO 9420 --- [https-jsse-nio-9101-exec-5] o.s.web.servlet.DispatcherServlet        : Completed initialization in 1 ms
2025-01-11T01:21:12.115+01:00  WARN 9420 --- [https-jsse-nio-9101-exec-5] .w.s.m.s.DefaultHandlerExceptionResolver : Resolved [org.springframework.web.multipart.support.MissingServletRequestPartException: Required part 'file' is not present.]
2025-01-11T01:25:09.627+01:00  INFO 9420 --- [File Watcher] rtingClassPathChangeChangedEventListener : Restarting due to 2 class path changes (0 additions, 0 deletions, 2 modifications)
2025-01-11T01:25:09.628+01:00  INFO 9420 --- [Thread-27] o.s.b.w.e.tomcat.GracefulShutdown        : Commencing graceful shutdown. Waiting for active requests to complete
2025-01-11T01:25:09.632+01:00  INFO 9420 --- [tomcat-shutdown] o.s.b.w.e.tomcat.GracefulShutdown        : Graceful shutdown complete
2025-01-11T01:25:09.709+01:00  INFO 9420 --- [restartedMain] com.messdiener.cms.v3.CMSXApplication    : Starting CMSXApplication using Java 23.0.1 with PID 9420 (X:\workspace\CentralManagmentSystemX\target\classes started by xcg54 in X:\workspace\CentralManagmentSystemX)
2025-01-11T01:25:09.710+01:00  INFO 9420 --- [restartedMain] com.messdiener.cms.v3.CMSXApplication    : No active profile set, falling back to 1 default profile: "default"
2025-01-11T01:25:09.890+01:00  INFO 9420 --- [restartedMain] o.s.b.w.embedded.tomcat.TomcatWebServer  : Tomcat initialized with ports 9101 (https), 9001 (http)
2025-01-11T01:25:09.891+01:00  INFO 9420 --- [restartedMain] o.apache.catalina.core.StandardService   : Starting service [Tomcat]
2025-01-11T01:25:09.891+01:00  INFO 9420 --- [restartedMain] o.apache.catalina.core.StandardEngine    : Starting Servlet engine: [Apache Tomcat/10.1.34]
2025-01-11T01:25:09.904+01:00  INFO 9420 --- [restartedMain] o.a.c.c.C.[Tomcat].[localhost].[/]       : Initializing Spring embedded WebApplicationContext
2025-01-11T01:25:09.904+01:00  INFO 9420 --- [restartedMain] w.s.c.ServletWebServerApplicationContext : Root WebApplicationContext: initialization completed in 193 ms
2025-01-11T01:25:09.931+01:00  INFO 9420 --- [restartedMain] r$InitializeUserDetailsManagerConfigurer : Global AuthenticationManager configured with UserDetailsService bean with name userDetailsService
2025-01-11T01:25:09.935+01:00  INFO 9420 --- [restartedMain] o.s.b.a.w.s.WelcomePageHandlerMapping    : Adding welcome page template: index
2025-01-11T01:25:09.968+01:00  INFO 9420 --- [restartedMain] o.s.b.a.e.web.EndpointLinksResolver      : Exposing 1 endpoint beneath base path '/actuator'
2025-01-11T01:25:09.975+01:00  INFO 9420 --- [restartedMain] o.s.s.w.a.c.ChannelProcessingFilter      : Validated configuration attributes
2025-01-11T01:25:10.011+01:00  INFO 9420 --- [restartedMain] o.s.b.d.a.OptionalLiveReloadServer       : LiveReload server is running on port 35729
2025-01-11T01:25:10.078+01:00  INFO 9420 --- [restartedMain] o.a.t.util.net.NioEndpoint.certificate   : Connector [https-jsse-nio-9101], TLS virtual host [_default_], certificate type [UNDEFINED] configured from keystore [C:\Users\xcg54\.keystore] using alias [localhost] with trust store [null]
2025-01-11T01:25:10.083+01:00  INFO 9420 --- [restartedMain] o.s.b.w.embedded.tomcat.TomcatWebServer  : Tomcat started on ports 9101 (https), 9001 (http) with context path '/'
2025-01-11T01:25:10.086+01:00  INFO 9420 --- [restartedMain] com.messdiener.cms.v3.CMSXApplication    : Started CMSXApplication in 0.39 seconds (process running for 1229.28)
2025-01-11T01:25:10.087+01:00  INFO 9420 --- [restartedMain] .ConditionEvaluationDeltaLoggingListener : Condition evaluation unchanged
2025-01-11T01:25:10.251+01:00  INFO 9420 --- [https-jsse-nio-9101-exec-3] o.a.c.c.C.[Tomcat].[localhost].[/]       : Initializing Spring DispatcherServlet 'dispatcherServlet'
2025-01-11T01:25:10.251+01:00  INFO 9420 --- [https-jsse-nio-9101-exec-3] o.s.web.servlet.DispatcherServlet        : Initializing Servlet 'dispatcherServlet'
2025-01-11T01:25:10.251+01:00  INFO 9420 --- [https-jsse-nio-9101-exec-3] o.s.web.servlet.DispatcherServlet        : Completed initialization in 0 ms
2025-01-11T01:26:07.725+01:00 ERROR 9420 --- [https-jsse-nio-9101-exec-8] o.a.c.c.C.[.[.[/].[dispatcherServlet]    : Servlet.service() for servlet [dispatcherServlet] in context with path [] threw exception [Request processing failed: java.util.NoSuchElementException: No value present] with root cause

java.util.NoSuchElementException: No value present
	at java.base/java.util.Optional.orElseThrow(Optional.java:377) ~[na:na]
	at com.messdiener.cms.v3.app.request.ImportRequest.importFunction(ImportRequest.java:31) ~[classes/:na]
	at com.messdiener.cms.v3.web.controller.DefaultController.importData(DefaultController.java:97) ~[classes/:na]
	at java.base/jdk.internal.reflect.DirectMethodHandleAccessor.invoke(DirectMethodHandleAccessor.java:103) ~[na:na]
	at java.base/java.lang.reflect.Method.invoke(Method.java:580) ~[na:na]
	at org.springframework.web.method.support.InvocableHandlerMethod.doInvoke(InvocableHandlerMethod.java:257) ~[spring-web-6.2.1.jar:6.2.1]
	at org.springframework.web.method.support.InvocableHandlerMethod.invokeForRequest(InvocableHandlerMethod.java:190) ~[spring-web-6.2.1.jar:6.2.1]
	at org.springframework.web.servlet.mvc.method.annotation.ServletInvocableHandlerMethod.invokeAndHandle(ServletInvocableHandlerMethod.java:118) ~[spring-webmvc-6.2.1.jar:6.2.1]
	at org.springframework.web.servlet.mvc.method.annotation.RequestMappingHandlerAdapter.invokeHandlerMethod(RequestMappingHandlerAdapter.java:986) ~[spring-webmvc-6.2.1.jar:6.2.1]
	at org.springframework.web.servlet.mvc.method.annotation.RequestMappingHandlerAdapter.handleInternal(RequestMappingHandlerAdapter.java:891) ~[spring-webmvc-6.2.1.jar:6.2.1]
	at org.springframework.web.servlet.mvc.method.AbstractHandlerMethodAdapter.handle(AbstractHandlerMethodAdapter.java:87) ~[spring-webmvc-6.2.1.jar:6.2.1]
	at org.springframework.web.servlet.DispatcherServlet.doDispatch(DispatcherServlet.java:1088) ~[spring-webmvc-6.2.1.jar:6.2.1]
	at org.springframework.web.servlet.DispatcherServlet.doService(DispatcherServlet.java:978) ~[spring-webmvc-6.2.1.jar:6.2.1]
	at org.springframework.web.servlet.FrameworkServlet.processRequest(FrameworkServlet.java:1014) ~[spring-webmvc-6.2.1.jar:6.2.1]
	at org.springframework.web.servlet.FrameworkServlet.doPost(FrameworkServlet.java:914) ~[spring-webmvc-6.2.1.jar:6.2.1]
	at jakarta.servlet.http.HttpServlet.service(HttpServlet.java:590) ~[tomcat-embed-core-10.1.34.jar:6.0]
	at org.springframework.web.servlet.FrameworkServlet.service(FrameworkServlet.java:885) ~[spring-webmvc-6.2.1.jar:6.2.1]
	at jakarta.servlet.http.HttpServlet.service(HttpServlet.java:658) ~[tomcat-embed-core-10.1.34.jar:6.0]
	at org.apache.catalina.core.ApplicationFilterChain.internalDoFilter(ApplicationFilterChain.java:195) ~[tomcat-embed-core-10.1.34.jar:10.1.34]
	at org.apache.catalina.core.ApplicationFilterChain.doFilter(ApplicationFilterChain.java:140) ~[tomcat-embed-core-10.1.34.jar:10.1.34]
	at org.apache.tomcat.websocket.server.WsFilter.doFilter(WsFilter.java:51) ~[tomcat-embed-websocket-10.1.34.jar:10.1.34]
	at org.apache.catalina.core.ApplicationFilterChain.internalDoFilter(ApplicationFilterChain.java:164) ~[tomcat-embed-core-10.1.34.jar:10.1.34]
	at org.apache.catalina.core.ApplicationFilterChain.doFilter(ApplicationFilterChain.java:140) ~[tomcat-embed-core-10.1.34.jar:10.1.34]
	at org.springframework.web.filter.CompositeFilter$VirtualFilterChain.doFilter(CompositeFilter.java:108) ~[spring-web-6.2.1.jar:6.2.1]
	at org.springframework.security.web.FilterChainProxy.lambda$doFilterInternal$3(FilterChainProxy.java:231) ~[spring-security-web-6.4.2.jar:6.4.2]
	at org.springframework.security.web.ObservationFilterChainDecorator$FilterObservation$SimpleFilterObservation.lambda$wrap$1(ObservationFilterChainDecorator.java:479) ~[spring-security-web-6.4.2.jar:6.4.2]
	at org.springframework.security.web.ObservationFilterChainDecorator$AroundFilterObservation$SimpleAroundFilterObservation.lambda$wrap$1(ObservationFilterChainDecorator.java:340) ~[spring-security-web-6.4.2.jar:6.4.2]
	at org.springframework.security.web.ObservationFilterChainDecorator.lambda$wrapSecured$0(ObservationFilterChainDecorator.java:82) ~[spring-security-web-6.4.2.jar:6.4.2]
	at org.springframework.security.web.ObservationFilterChainDecorator$VirtualFilterChain.doFilter(ObservationFilterChainDecorator.java:128) ~[spring-security-web-6.4.2.jar:6.4.2]
	at org.springframework.security.web.access.intercept.AuthorizationFilter.doFilter(AuthorizationFilter.java:101) ~[spring-security-web-6.4.2.jar:6.4.2]
	at org.springframework.security.web.ObservationFilterChainDecorator$ObservationFilter.wrapFilter(ObservationFilterChainDecorator.java:240) ~[spring-security-web-6.4.2.jar:6.4.2]
	at org.springframework.security.web.ObservationFilterChainDecorator$ObservationFilter.doFilter(ObservationFilterChainDecorator.java:227) ~[spring-security-web-6.4.2.jar:6.4.2]
	at org.springframework.security.web.ObservationFilterChainDecorator$VirtualFilterChain.doFilter(ObservationFilterChainDecorator.java:137) ~[spring-security-web-6.4.2.jar:6.4.2]
	at org.springframework.security.web.access.ExceptionTranslationFilter.doFilter(ExceptionTranslationFilter.java:126) ~[spring-security-web-6.4.2.jar:6.4.2]
	at org.springframework.security.web.access.ExceptionTranslationFilter.doFilter(ExceptionTranslationFilter.java:120) ~[spring-security-web-6.4.2.jar:6.4.2]
	at org.springframework.security.web.ObservationFilterChainDecorator$ObservationFilter.wrapFilter(ObservationFilterChainDecorator.java:240) ~[spring-security-web-6.4.2.jar:6.4.2]
	at org.springframework.security.web.ObservationFilterChainDecorator$ObservationFilter.doFilter(ObservationFilterChainDecorator.java:227) ~[spring-security-web-6.4.2.jar:6.4.2]
	at org.springframework.security.web.ObservationFilterChainDecorator$VirtualFilterChain.doFilter(ObservationFilterChainDecorator.java:137) ~[spring-security-web-6.4.2.jar:6.4.2]
	at org.springframework.security.web.session.SessionManagementFilter.doFilter(SessionManagementFilter.java:131) ~[spring-security-web-6.4.2.jar:6.4.2]
	at org.springframework.security.web.session.SessionManagementFilter.doFilter(SessionManagementFilter.java:85) ~[spring-security-web-6.4.2.jar:6.4.2]
	at org.springframework.security.web.ObservationFilterChainDecorator$ObservationFilter.wrapFilter(ObservationFilterChainDecorator.java:240) ~[spring-security-web-6.4.2.jar:6.4.2]
	at org.springframework.security.web.ObservationFilterChainDecorator$ObservationFilter.doFilter(ObservationFilterChainDecorator.java:227) ~[spring-security-web-6.4.2.jar:6.4.2]
	at org.springframework.security.web.ObservationFilterChainDecorator$VirtualFilterChain.doFilter(ObservationFilterChainDecorator.java:137) ~[spring-security-web-6.4.2.jar:6.4.2]
	at org.springframework.security.web.authentication.AnonymousAuthenticationFilter.doFilter(AnonymousAuthenticationFilter.java:100) ~[spring-security-web-6.4.2.jar:6.4.2]
	at org.springframework.security.web.ObservationFilterChainDecorator$ObservationFilter.wrapFilter(ObservationFilterChainDecorator.java:240) ~[spring-security-web-6.4.2.jar:6.4.2]
	at org.springframework.security.web.ObservationFilterChainDecorator$ObservationFilter.doFilter(ObservationFilterChainDecorator.java:227) ~[spring-security-web-6.4.2.jar:6.4.2]
	at org.springframework.security.web.ObservationFilterChainDecorator$VirtualFilterChain.doFilter(ObservationFilterChainDecorator.java:137) ~[spring-security-web-6.4.2.jar:6.4.2]
	at org.springframework.security.web.servletapi.SecurityContextHolderAwareRequestFilter.doFilter(SecurityContextHolderAwareRequestFilter.java:179) ~[spring-security-web-6.4.2.jar:6.4.2]
	at org.springframework.security.web.ObservationFilterChainDecorator$ObservationFilter.wrapFilter(ObservationFilterChainDecorator.java:240) ~[spring-security-web-6.4.2.jar:6.4.2]
	at org.springframework.security.web.ObservationFilterChainDecorator$ObservationFilter.doFilter(ObservationFilterChainDecorator.java:227) ~[spring-security-web-6.4.2.jar:6.4.2]
	at org.springframework.security.web.ObservationFilterChainDecorator$VirtualFilterChain.doFilter(ObservationFilterChainDecorator.java:137) ~[spring-security-web-6.4.2.jar:6.4.2]
	at org.springframework.security.web.savedrequest.RequestCacheAwareFilter.doFilter(RequestCacheAwareFilter.java:63) ~[spring-security-web-6.4.2.jar:6.4.2]
	at org.springframework.security.web.ObservationFilterChainDecorator$ObservationFilter.wrapFilter(ObservationFilterChainDecorator.java:240) ~[spring-security-web-6.4.2.jar:6.4.2]
	at org.springframework.security.web.ObservationFilterChainDecorator$ObservationFilter.doFilter(ObservationFilterChainDecorator.java:227) ~[spring-security-web-6.4.2.jar:6.4.2]
	at org.springframework.security.web.ObservationFilterChainDecorator$VirtualFilterChain.doFilter(ObservationFilterChainDecorator.java:137) ~[spring-security-web-6.4.2.jar:6.4.2]
	at org.springframework.security.web.authentication.AbstractAuthenticationProcessingFilter.doFilter(AbstractAuthenticationProcessingFilter.java:227) ~[spring-security-web-6.4.2.jar:6.4.2]
	at org.springframework.security.web.authentication.AbstractAuthenticationProcessingFilter.doFilter(AbstractAuthenticationProcessingFilter.java:221) ~[spring-security-web-6.4.2.jar:6.4.2]
	at org.springframework.security.web.ObservationFilterChainDecorator$ObservationFilter.wrapFilter(ObservationFilterChainDecorator.java:240) ~[spring-security-web-6.4.2.jar:6.4.2]
	at org.springframework.security.web.ObservationFilterChainDecorator$ObservationFilter.doFilter(ObservationFilterChainDecorator.java:227) ~[spring-security-web-6.4.2.jar:6.4.2]
	at org.springframework.security.web.ObservationFilterChainDecorator$VirtualFilterChain.doFilter(ObservationFilterChainDecorator.java:137) ~[spring-security-web-6.4.2.jar:6.4.2]
	at org.springframework.security.web.authentication.logout.LogoutFilter.doFilter(LogoutFilter.java:107) ~[spring-security-web-6.4.2.jar:6.4.2]
	at org.springframework.security.web.authentication.logout.LogoutFilter.doFilter(LogoutFilter.java:93) ~[spring-security-web-6.4.2.jar:6.4.2]
	at org.springframework.security.web.ObservationFilterChainDecorator$ObservationFilter.wrapFilter(ObservationFilterChainDecorator.java:240) ~[spring-security-web-6.4.2.jar:6.4.2]
	at org.springframework.security.web.ObservationFilterChainDecorator$ObservationFilter.doFilter(ObservationFilterChainDecorator.java:227) ~[spring-security-web-6.4.2.jar:6.4.2]
	at org.springframework.security.web.ObservationFilterChainDecorator$VirtualFilterChain.doFilter(ObservationFilterChainDecorator.java:137) ~[spring-security-web-6.4.2.jar:6.4.2]
	at org.springframework.security.web.header.HeaderWriterFilter.doHeadersAfter(HeaderWriterFilter.java:90) ~[spring-security-web-6.4.2.jar:6.4.2]
	at org.springframework.security.web.header.HeaderWriterFilter.doFilterInternal(HeaderWriterFilter.java:75) ~[spring-security-web-6.4.2.jar:6.4.2]
	at org.springframework.web.filter.OncePerRequestFilter.doFilter(OncePerRequestFilter.java:116) ~[spring-web-6.2.1.jar:6.2.1]
	at org.springframework.security.web.ObservationFilterChainDecorator$ObservationFilter.wrapFilter(ObservationFilterChainDecorator.java:240) ~[spring-security-web-6.4.2.jar:6.4.2]
	at org.springframework.security.web.ObservationFilterChainDecorator$ObservationFilter.doFilter(ObservationFilterChainDecorator.java:227) ~[spring-security-web-6.4.2.jar:6.4.2]
	at org.springframework.security.web.ObservationFilterChainDecorator$VirtualFilterChain.doFilter(ObservationFilterChainDecorator.java:137) ~[spring-security-web-6.4.2.jar:6.4.2]
	at org.springframework.security.web.context.SecurityContextHolderFilter.doFilter(SecurityContextHolderFilter.java:82) ~[spring-security-web-6.4.2.jar:6.4.2]
	at org.springframework.security.web.context.SecurityContextHolderFilter.doFilter(SecurityContextHolderFilter.java:69) ~[spring-security-web-6.4.2.jar:6.4.2]
	at org.springframework.security.web.ObservationFilterChainDecorator$ObservationFilter.wrapFilter(ObservationFilterChainDecorator.java:240) ~[spring-security-web-6.4.2.jar:6.4.2]
	at org.springframework.security.web.ObservationFilterChainDecorator$ObservationFilter.doFilter(ObservationFilterChainDecorator.java:227) ~[spring-security-web-6.4.2.jar:6.4.2]
	at org.springframework.security.web.ObservationFilterChainDecorator$VirtualFilterChain.doFilter(ObservationFilterChainDecorator.java:137) ~[spring-security-web-6.4.2.jar:6.4.2]
	at org.springframework.security.web.context.request.async.WebAsyncManagerIntegrationFilter.doFilterInternal(WebAsyncManagerIntegrationFilter.java:62) ~[spring-security-web-6.4.2.jar:6.4.2]
	at org.springframework.web.filter.OncePerRequestFilter.doFilter(OncePerRequestFilter.java:116) ~[spring-web-6.2.1.jar:6.2.1]
	at org.springframework.security.web.ObservationFilterChainDecorator$ObservationFilter.wrapFilter(ObservationFilterChainDecorator.java:240) ~[spring-security-web-6.4.2.jar:6.4.2]
	at org.springframework.security.web.ObservationFilterChainDecorator$ObservationFilter.doFilter(ObservationFilterChainDecorator.java:227) ~[spring-security-web-6.4.2.jar:6.4.2]
	at org.springframework.security.web.ObservationFilterChainDecorator$VirtualFilterChain.doFilter(ObservationFilterChainDecorator.java:137) ~[spring-security-web-6.4.2.jar:6.4.2]
	at org.springframework.security.web.access.channel.ChannelProcessingFilter.doFilter(ChannelProcessingFilter.java:133) ~[spring-security-web-6.4.2.jar:6.4.2]
	at org.springframework.security.web.ObservationFilterChainDecorator$ObservationFilter.wrapFilter(ObservationFilterChainDecorator.java:240) ~[spring-security-web-6.4.2.jar:6.4.2]
	at org.springframework.security.web.ObservationFilterChainDecorator$ObservationFilter.doFilter(ObservationFilterChainDecorator.java:227) ~[spring-security-web-6.4.2.jar:6.4.2]
	at org.springframework.security.web.ObservationFilterChainDecorator$VirtualFilterChain.doFilter(ObservationFilterChainDecorator.java:137) ~[spring-security-web-6.4.2.jar:6.4.2]
	at org.springframework.security.web.session.DisableEncodeUrlFilter.doFilterInternal(DisableEncodeUrlFilter.java:42) ~[spring-security-web-6.4.2.jar:6.4.2]
	at org.springframework.web.filter.OncePerRequestFilter.doFilter(OncePerRequestFilter.java:116) ~[spring-web-6.2.1.jar:6.2.1]
	at org.springframework.security.web.ObservationFilterChainDecorator$ObservationFilter.wrapFilter(ObservationFilterChainDecorator.java:240) ~[spring-security-web-6.4.2.jar:6.4.2]
	at org.springframework.security.web.ObservationFilterChainDecorator$AroundFilterObservation$SimpleAroundFilterObservation.lambda$wrap$0(ObservationFilterChainDecorator.java:323) ~[spring-security-web-6.4.2.jar:6.4.2]
	at org.springframework.security.web.ObservationFilterChainDecorator$ObservationFilter.doFilter(ObservationFilterChainDecorator.java:224) ~[spring-security-web-6.4.2.jar:6.4.2]
	at org.springframework.security.web.ObservationFilterChainDecorator$VirtualFilterChain.doFilter(ObservationFilterChainDecorator.java:137) ~[spring-security-web-6.4.2.jar:6.4.2]
	at org.springframework.security.web.FilterChainProxy.doFilterInternal(FilterChainProxy.java:233) ~[spring-security-web-6.4.2.jar:6.4.2]
	at org.springframework.security.web.FilterChainProxy.doFilter(FilterChainProxy.java:191) ~[spring-security-web-6.4.2.jar:6.4.2]
	at org.springframework.web.filter.CompositeFilter$VirtualFilterChain.doFilter(CompositeFilter.java:113) ~[spring-web-6.2.1.jar:6.2.1]
	at org.springframework.web.servlet.handler.HandlerMappingIntrospector.lambda$createCacheFilter$3(HandlerMappingIntrospector.java:243) ~[spring-webmvc-6.2.1.jar:6.2.1]
	at org.springframework.web.filter.CompositeFilter$VirtualFilterChain.doFilter(CompositeFilter.java:113) ~[spring-web-6.2.1.jar:6.2.1]
	at org.springframework.web.filter.CompositeFilter.doFilter(CompositeFilter.java:74) ~[spring-web-6.2.1.jar:6.2.1]
	at org.springframework.security.config.annotation.web.configuration.WebMvcSecurityConfiguration$CompositeFilterChainProxy.doFilter(WebMvcSecurityConfiguration.java:238) ~[spring-security-config-6.4.2.jar:6.4.2]
	at org.springframework.web.filter.DelegatingFilterProxy.invokeDelegate(DelegatingFilterProxy.java:362) ~[spring-web-6.2.1.jar:6.2.1]
	at org.springframework.web.filter.DelegatingFilterProxy.doFilter(DelegatingFilterProxy.java:278) ~[spring-web-6.2.1.jar:6.2.1]
	at org.apache.catalina.core.ApplicationFilterChain.internalDoFilter(ApplicationFilterChain.java:164) ~[tomcat-embed-core-10.1.34.jar:10.1.34]
	at org.apache.catalina.core.ApplicationFilterChain.doFilter(ApplicationFilterChain.java:140) ~[tomcat-embed-core-10.1.34.jar:10.1.34]
	at org.springframework.web.filter.RequestContextFilter.doFilterInternal(RequestContextFilter.java:100) ~[spring-web-6.2.1.jar:6.2.1]
	at org.springframework.web.filter.OncePerRequestFilter.doFilter(OncePerRequestFilter.java:116) ~[spring-web-6.2.1.jar:6.2.1]
	at org.apache.catalina.core.ApplicationFilterChain.internalDoFilter(ApplicationFilterChain.java:164) ~[tomcat-embed-core-10.1.34.jar:10.1.34]
	at org.apache.catalina.core.ApplicationFilterChain.doFilter(ApplicationFilterChain.java:140) ~[tomcat-embed-core-10.1.34.jar:10.1.34]
	at org.springframework.web.filter.FormContentFilter.doFilterInternal(FormContentFilter.java:93) ~[spring-web-6.2.1.jar:6.2.1]
	at org.springframework.web.filter.OncePerRequestFilter.doFilter(OncePerRequestFilter.java:116) ~[spring-web-6.2.1.jar:6.2.1]
	at org.apache.catalina.core.ApplicationFilterChain.internalDoFilter(ApplicationFilterChain.java:164) ~[tomcat-embed-core-10.1.34.jar:10.1.34]
	at org.apache.catalina.core.ApplicationFilterChain.doFilter(ApplicationFilterChain.java:140) ~[tomcat-embed-core-10.1.34.jar:10.1.34]
	at org.springframework.web.filter.ServerHttpObservationFilter.doFilterInternal(ServerHttpObservationFilter.java:114) ~[spring-web-6.2.1.jar:6.2.1]
	at org.springframework.web.filter.OncePerRequestFilter.doFilter(OncePerRequestFilter.java:116) ~[spring-web-6.2.1.jar:6.2.1]
	at org.apache.catalina.core.ApplicationFilterChain.internalDoFilter(ApplicationFilterChain.java:164) ~[tomcat-embed-core-10.1.34.jar:10.1.34]
	at org.apache.catalina.core.ApplicationFilterChain.doFilter(ApplicationFilterChain.java:140) ~[tomcat-embed-core-10.1.34.jar:10.1.34]
	at org.springframework.web.filter.CharacterEncodingFilter.doFilterInternal(CharacterEncodingFilter.java:201) ~[spring-web-6.2.1.jar:6.2.1]
	at org.springframework.web.filter.OncePerRequestFilter.doFilter(OncePerRequestFilter.java:116) ~[spring-web-6.2.1.jar:6.2.1]
	at org.apache.catalina.core.ApplicationFilterChain.internalDoFilter(ApplicationFilterChain.java:164) ~[tomcat-embed-core-10.1.34.jar:10.1.34]
	at org.apache.catalina.core.ApplicationFilterChain.doFilter(ApplicationFilterChain.java:140) ~[tomcat-embed-core-10.1.34.jar:10.1.34]
	at org.apache.catalina.core.StandardWrapperValve.invoke(StandardWrapperValve.java:167) ~[tomcat-embed-core-10.1.34.jar:10.1.34]
	at org.apache.catalina.core.StandardContextValve.invoke(StandardContextValve.java:90) ~[tomcat-embed-core-10.1.34.jar:10.1.34]
	at org.apache.catalina.authenticator.AuthenticatorBase.invoke(AuthenticatorBase.java:483) ~[tomcat-embed-core-10.1.34.jar:10.1.34]
	at org.apache.catalina.core.StandardHostValve.invoke(StandardHostValve.java:115) ~[tomcat-embed-core-10.1.34.jar:10.1.34]
	at org.apache.catalina.valves.ErrorReportValve.invoke(ErrorReportValve.java:93) ~[tomcat-embed-core-10.1.34.jar:10.1.34]
	at org.apache.catalina.core.StandardEngineValve.invoke(StandardEngineValve.java:74) ~[tomcat-embed-core-10.1.34.jar:10.1.34]
	at org.apache.catalina.connector.CoyoteAdapter.service(CoyoteAdapter.java:344) ~[tomcat-embed-core-10.1.34.jar:10.1.34]
	at org.apache.coyote.http11.Http11Processor.service(Http11Processor.java:397) ~[tomcat-embed-core-10.1.34.jar:10.1.34]
	at org.apache.coyote.AbstractProcessorLight.process(AbstractProcessorLight.java:63) ~[tomcat-embed-core-10.1.34.jar:10.1.34]
	at org.apache.coyote.AbstractProtocol$ConnectionHandler.process(AbstractProtocol.java:905) ~[tomcat-embed-core-10.1.34.jar:10.1.34]
	at org.apache.tomcat.util.net.NioEndpoint$SocketProcessor.doRun(NioEndpoint.java:1741) ~[tomcat-embed-core-10.1.34.jar:10.1.34]
	at org.apache.tomcat.util.net.SocketProcessorBase.run(SocketProcessorBase.java:52) ~[tomcat-embed-core-10.1.34.jar:10.1.34]
	at org.apache.tomcat.util.threads.ThreadPoolExecutor.runWorker(ThreadPoolExecutor.java:1190) ~[tomcat-embed-core-10.1.34.jar:10.1.34]
	at org.apache.tomcat.util.threads.ThreadPoolExecutor$Worker.run(ThreadPoolExecutor.java:659) ~[tomcat-embed-core-10.1.34.jar:10.1.34]
	at org.apache.tomcat.util.threads.TaskThread$WrappingRunnable.run(TaskThread.java:63) ~[tomcat-embed-core-10.1.34.jar:10.1.34]
	at java.base/java.lang.Thread.run(Thread.java:1575) ~[na:na]

2025-01-11T01:27:32.997+01:00  INFO 9420 --- [File Watcher] rtingClassPathChangeChangedEventListener : Restarting due to 1 class path change (0 additions, 1 deletion, 0 modifications)
2025-01-11T01:27:32.998+01:00  INFO 9420 --- [Thread-31] o.s.b.w.e.tomcat.GracefulShutdown        : Commencing graceful shutdown. Waiting for active requests to complete
2025-01-11T01:27:33.002+01:00  INFO 9420 --- [tomcat-shutdown] o.s.b.w.e.tomcat.GracefulShutdown        : Graceful shutdown complete
2025-01-11T01:27:33.083+01:00  INFO 9420 --- [restartedMain] com.messdiener.cms.v3.CMSXApplication    : Starting CMSXApplication using Java 23.0.1 with PID 9420 (X:\workspace\CentralManagmentSystemX\target\classes started by xcg54 in X:\workspace\CentralManagmentSystemX)
2025-01-11T01:27:33.084+01:00  INFO 9420 --- [restartedMain] com.messdiener.cms.v3.CMSXApplication    : No active profile set, falling back to 1 default profile: "default"
2025-01-11T01:27:33.299+01:00  INFO 9420 --- [restartedMain] o.s.b.w.embedded.tomcat.TomcatWebServer  : Tomcat initialized with ports 9101 (https), 9001 (http)
2025-01-11T01:27:33.300+01:00  INFO 9420 --- [restartedMain] o.apache.catalina.core.StandardService   : Starting service [Tomcat]
2025-01-11T01:27:33.300+01:00  INFO 9420 --- [restartedMain] o.apache.catalina.core.StandardEngine    : Starting Servlet engine: [Apache Tomcat/10.1.34]
2025-01-11T01:27:33.314+01:00  INFO 9420 --- [restartedMain] o.a.c.c.C.[Tomcat].[localhost].[/]       : Initializing Spring embedded WebApplicationContext
2025-01-11T01:27:33.314+01:00  INFO 9420 --- [restartedMain] w.s.c.ServletWebServerApplicationContext : Root WebApplicationContext: initialization completed in 229 ms
2025-01-11T01:27:33.347+01:00  INFO 9420 --- [restartedMain] r$InitializeUserDetailsManagerConfigurer : Global AuthenticationManager configured with UserDetailsService bean with name userDetailsService
2025-01-11T01:27:33.353+01:00  INFO 9420 --- [restartedMain] o.s.b.a.w.s.WelcomePageHandlerMapping    : Adding welcome page template: index
2025-01-11T01:27:33.397+01:00  INFO 9420 --- [restartedMain] o.s.b.a.e.web.EndpointLinksResolver      : Exposing 1 endpoint beneath base path '/actuator'
2025-01-11T01:27:33.404+01:00  INFO 9420 --- [restartedMain] o.s.s.w.a.c.ChannelProcessingFilter      : Validated configuration attributes
2025-01-11T01:27:33.437+01:00  INFO 9420 --- [restartedMain] o.s.b.d.a.OptionalLiveReloadServer       : LiveReload server is running on port 35729
2025-01-11T01:27:33.495+01:00  INFO 9420 --- [restartedMain] o.a.t.util.net.NioEndpoint.certificate   : Connector [https-jsse-nio-9101], TLS virtual host [_default_], certificate type [UNDEFINED] configured from keystore [C:\Users\xcg54\.keystore] using alias [localhost] with trust store [null]
2025-01-11T01:27:33.499+01:00  INFO 9420 --- [restartedMain] o.s.b.w.embedded.tomcat.TomcatWebServer  : Tomcat started on ports 9101 (https), 9001 (http) with context path '/'
2025-01-11T01:27:33.504+01:00  INFO 9420 --- [restartedMain] com.messdiener.cms.v3.CMSXApplication    : Started CMSXApplication in 0.436 seconds (process running for 1372.697)
2025-01-11T01:27:33.504+01:00  INFO 9420 --- [restartedMain] .ConditionEvaluationDeltaLoggingListener : Condition evaluation unchanged
2025-01-11T01:27:34.881+01:00  INFO 9420 --- [File Watcher] rtingClassPathChangeChangedEventListener : Restarting due to 1 class path change (1 addition, 0 deletions, 0 modifications)
2025-01-11T01:27:34.882+01:00  INFO 9420 --- [Thread-35] o.s.b.w.e.tomcat.GracefulShutdown        : Commencing graceful shutdown. Waiting for active requests to complete
2025-01-11T01:27:34.886+01:00  INFO 9420 --- [tomcat-shutdown] o.s.b.w.e.tomcat.GracefulShutdown        : Graceful shutdown complete
2025-01-11T01:27:34.957+01:00  INFO 9420 --- [restartedMain] com.messdiener.cms.v3.CMSXApplication    : Starting CMSXApplication using Java 23.0.1 with PID 9420 (X:\workspace\CentralManagmentSystemX\target\classes started by xcg54 in X:\workspace\CentralManagmentSystemX)
2025-01-11T01:27:34.957+01:00  INFO 9420 --- [restartedMain] com.messdiener.cms.v3.CMSXApplication    : No active profile set, falling back to 1 default profile: "default"
2025-01-11T01:27:35.125+01:00  INFO 9420 --- [restartedMain] o.s.b.w.embedded.tomcat.TomcatWebServer  : Tomcat initialized with ports 9101 (https), 9001 (http)
2025-01-11T01:27:35.126+01:00  INFO 9420 --- [restartedMain] o.apache.catalina.core.StandardService   : Starting service [Tomcat]
2025-01-11T01:27:35.126+01:00  INFO 9420 --- [restartedMain] o.apache.catalina.core.StandardEngine    : Starting Servlet engine: [Apache Tomcat/10.1.34]
2025-01-11T01:27:35.139+01:00  INFO 9420 --- [restartedMain] o.a.c.c.C.[Tomcat].[localhost].[/]       : Initializing Spring embedded WebApplicationContext
2025-01-11T01:27:35.139+01:00  INFO 9420 --- [restartedMain] w.s.c.ServletWebServerApplicationContext : Root WebApplicationContext: initialization completed in 181 ms
2025-01-11T01:27:35.164+01:00  INFO 9420 --- [restartedMain] r$InitializeUserDetailsManagerConfigurer : Global AuthenticationManager configured with UserDetailsService bean with name userDetailsService
2025-01-11T01:27:35.168+01:00  INFO 9420 --- [restartedMain] o.s.b.a.w.s.WelcomePageHandlerMapping    : Adding welcome page template: index
2025-01-11T01:27:35.199+01:00  INFO 9420 --- [restartedMain] o.s.b.a.e.web.EndpointLinksResolver      : Exposing 1 endpoint beneath base path '/actuator'
2025-01-11T01:27:35.206+01:00  INFO 9420 --- [restartedMain] o.s.s.w.a.c.ChannelProcessingFilter      : Validated configuration attributes
2025-01-11T01:27:35.231+01:00  INFO 9420 --- [restartedMain] o.s.b.d.a.OptionalLiveReloadServer       : LiveReload server is running on port 35729
2025-01-11T01:27:35.292+01:00  INFO 9420 --- [restartedMain] o.a.t.util.net.NioEndpoint.certificate   : Connector [https-jsse-nio-9101], TLS virtual host [_default_], certificate type [UNDEFINED] configured from keystore [C:\Users\xcg54\.keystore] using alias [localhost] with trust store [null]
2025-01-11T01:27:35.298+01:00  INFO 9420 --- [restartedMain] o.s.b.w.embedded.tomcat.TomcatWebServer  : Tomcat started on ports 9101 (https), 9001 (http) with context path '/'
2025-01-11T01:27:35.302+01:00  INFO 9420 --- [restartedMain] com.messdiener.cms.v3.CMSXApplication    : Started CMSXApplication in 0.356 seconds (process running for 1374.495)
2025-01-11T01:27:35.303+01:00  INFO 9420 --- [restartedMain] .ConditionEvaluationDeltaLoggingListener : Condition evaluation unchanged
2025-01-11T01:28:06.037+01:00  INFO 9420 --- [https-jsse-nio-9101-exec-4] o.a.c.c.C.[Tomcat].[localhost].[/]       : Initializing Spring DispatcherServlet 'dispatcherServlet'
2025-01-11T01:28:06.038+01:00  INFO 9420 --- [https-jsse-nio-9101-exec-4] o.s.web.servlet.DispatcherServlet        : Initializing Servlet 'dispatcherServlet'
2025-01-11T01:28:06.038+01:00  INFO 9420 --- [https-jsse-nio-9101-exec-4] o.s.web.servlet.DispatcherServlet        : Completed initialization in 0 ms
2025-01-11T01:28:43.330+01:00  INFO 9420 --- [File Watcher] rtingClassPathChangeChangedEventListener : Restarting due to 68 class path changes (0 additions, 68 deletions, 0 modifications)
2025-01-11T01:28:43.331+01:00  INFO 9420 --- [Thread-39] o.s.b.w.e.tomcat.GracefulShutdown        : Commencing graceful shutdown. Waiting for active requests to complete
2025-01-11T01:28:43.337+01:00  INFO 9420 --- [tomcat-shutdown] o.s.b.w.e.tomcat.GracefulShutdown        : Graceful shutdown complete
2025-01-11T01:28:43.395+01:00  INFO 9420 --- [restartedMain] com.messdiener.cms.v3.CMSXApplication    : Starting CMSXApplication using Java 23.0.1 with PID 9420 (X:\workspace\CentralManagmentSystemX\target\classes started by xcg54 in X:\workspace\CentralManagmentSystemX)
2025-01-11T01:28:43.395+01:00  INFO 9420 --- [restartedMain] com.messdiener.cms.v3.CMSXApplication    : No active profile set, falling back to 1 default profile: "default"
2025-01-11T01:28:43.639+01:00  INFO 9420 --- [restartedMain] o.s.b.w.embedded.tomcat.TomcatWebServer  : Tomcat initialized with port 9101 (https)
2025-01-11T01:28:43.640+01:00  INFO 9420 --- [restartedMain] o.apache.catalina.core.StandardService   : Starting service [Tomcat]
2025-01-11T01:28:43.640+01:00  INFO 9420 --- [restartedMain] o.apache.catalina.core.StandardEngine    : Starting Servlet engine: [Apache Tomcat/10.1.34]
2025-01-11T01:28:43.658+01:00  INFO 9420 --- [restartedMain] o.a.c.c.C.[Tomcat].[localhost].[/]       : Initializing Spring embedded WebApplicationContext
2025-01-11T01:28:43.658+01:00  INFO 9420 --- [restartedMain] w.s.c.ServletWebServerApplicationContext : Root WebApplicationContext: initialization completed in 261 ms
2025-01-11T01:28:43.711+01:00  INFO 9420 --- [restartedMain] o.s.b.a.w.s.WelcomePageHandlerMapping    : Adding welcome page template: index
2025-01-11T01:28:43.780+01:00  WARN 9420 --- [restartedMain] .s.s.UserDetailsServiceAutoConfiguration : 

Using generated security password: 3d8e2be8-0d3a-4db0-a5a3-4c8b5f60abf8

This generated password is for development use only. Your security configuration must be updated before running your application in production.

2025-01-11T01:28:43.785+01:00  INFO 9420 --- [restartedMain] r$InitializeUserDetailsManagerConfigurer : Global AuthenticationManager configured with UserDetailsService bean with name inMemoryUserDetailsManager
2025-01-11T01:28:43.796+01:00  INFO 9420 --- [restartedMain] o.s.b.a.e.web.EndpointLinksResolver      : Exposing 1 endpoint beneath base path '/actuator'
2025-01-11T01:28:43.806+01:00  INFO 9420 --- [restartedMain] o.s.b.d.a.OptionalLiveReloadServer       : LiveReload server is running on port 35729
2025-01-11T01:28:43.860+01:00  INFO 9420 --- [restartedMain] o.a.t.util.net.NioEndpoint.certificate   : Connector [https-jsse-nio-9101], TLS virtual host [_default_], certificate type [UNDEFINED] configured from keystore [C:\Users\xcg54\.keystore] using alias [localhost] with trust store [null]
2025-01-11T01:28:43.862+01:00  INFO 9420 --- [restartedMain] o.s.b.w.embedded.tomcat.TomcatWebServer  : Tomcat started on port 9101 (https) with context path '/'
2025-01-11T01:28:43.865+01:00  INFO 9420 --- [restartedMain] com.messdiener.cms.v3.CMSXApplication    : Started CMSXApplication in 0.484 seconds (process running for 1443.058)
2025-01-11T01:28:43.867+01:00  INFO 9420 --- [restartedMain] .ConditionEvaluationDeltaLoggingListener : Condition evaluation delta:


==========================
CONDITION EVALUATION DELTA
==========================


Positive matches:
-----------------

   ErrorMvcAutoConfiguration#basicErrorController matched:
      - @ConditionalOnMissingBean (types: org.springframework.boot.web.servlet.error.ErrorController; SearchStrategy: current) did not find any beans (OnBeanCondition)

   ManagementWebSecurityAutoConfiguration matched:
      - found 'session' scope (OnWebApplicationCondition)
      - AllNestedConditions 2 matched 0 did not; NestedCondition on DefaultWebSecurityCondition.Beans @ConditionalOnMissingBean (types: org.springframework.security.web.SecurityFilterChain; SearchStrategy: all) did not find any beans; NestedCondition on DefaultWebSecurityCondition.Classes @ConditionalOnClass found required classes 'org.springframework.security.web.SecurityFilterChain', 'org.springframework.security.config.annotation.web.builders.HttpSecurity' (DefaultWebSecurityCondition)

   ServletWebServerFactoryConfiguration.EmbeddedTomcat matched:
      - @ConditionalOnClass found required classes 'jakarta.servlet.Servlet', 'org.apache.catalina.startup.Tomcat', 'org.apache.coyote.UpgradeProtocol' (OnClassCondition)
      - @ConditionalOnMissingBean (types: org.springframework.boot.web.servlet.server.ServletWebServerFactory; SearchStrategy: current) did not find any beans (OnBeanCondition)

   UserDetailsServiceAutoConfiguration matched:
      - @ConditionalOnClass found required class 'org.springframework.security.authentication.AuthenticationManager' (OnClassCondition)
      - found 'session' scope (OnWebApplicationCondition)
      - AnyNestedCondition 1 matched 2 did not; NestedCondition on UserDetailsServiceAutoConfiguration.MissingAlternativeOrUserPropertiesConfigured.PasswordConfigured @ConditionalOnProperty (spring.security.user.password) did not find property 'password'; NestedCondition on UserDetailsServiceAutoConfiguration.MissingAlternativeOrUserPropertiesConfigured.NameConfigured @ConditionalOnProperty (spring.security.user.name) did not find property 'name'; NestedCondition on UserDetailsServiceAutoConfiguration.MissingAlternativeOrUserPropertiesConfigured.MissingAlternative @ConditionalOnMissingClass did not find unwanted classes 'org.springframework.security.oauth2.client.registration.ClientRegistrationRepository', 'org.springframework.security.oauth2.server.resource.introspection.OpaqueTokenIntrospector', 'org.springframework.security.saml2.provider.service.registration.RelyingPartyRegistrationRepository' (UserDetailsServiceAutoConfiguration.MissingAlternativeOrUserPropertiesConfigured)
      - @ConditionalOnBean (types: org.springframework.security.config.ObjectPostProcessor; SearchStrategy: all) found beans 'objectPostProcessor', 'webAuthorizationManagerPostProcessor', 'filterChainDecoratorPostProcessor', 'authenticationManagerPostProcessor'; @ConditionalOnMissingBean (types: org.springframework.security.authentication.AuthenticationManager,org.springframework.security.authentication.AuthenticationProvider,org.springframework.security.core.userdetails.UserDetailsService,org.springframework.security.authentication.AuthenticationManagerResolver,org.springframework.security.oauth2.jwt.JwtDecoder; SearchStrategy: all) did not find any beans (OnBeanCondition)


Negative matches:
-----------------

    None


Exclusions:
-----------

    None


Unconditional classes:
----------------------

    None



2025-01-11T01:28:45.264+01:00  INFO 9420 --- [File Watcher] rtingClassPathChangeChangedEventListener : Restarting due to 69 class path changes (68 additions, 0 deletions, 1 modification)
2025-01-11T01:28:45.264+01:00  INFO 9420 --- [Thread-43] o.s.b.w.e.tomcat.GracefulShutdown        : Commencing graceful shutdown. Waiting for active requests to complete
2025-01-11T01:28:45.267+01:00  INFO 9420 --- [tomcat-shutdown] o.s.b.w.e.tomcat.GracefulShutdown        : Graceful shutdown complete
2025-01-11T01:28:45.321+01:00  INFO 9420 --- [restartedMain] com.messdiener.cms.v3.CMSXApplication    : Starting CMSXApplication using Java 23.0.1 with PID 9420 (X:\workspace\CentralManagmentSystemX\target\classes started by xcg54 in X:\workspace\CentralManagmentSystemX)
2025-01-11T01:28:45.321+01:00  INFO 9420 --- [restartedMain] com.messdiener.cms.v3.CMSXApplication    : No active profile set, falling back to 1 default profile: "default"
2025-01-11T01:28:45.325+01:00  INFO 9420 --- [restartedMain] Manager.Config                           : Datei wird ausgelesen.
2025-01-11T01:28:45.325+01:00  INFO 9420 --- [restartedMain] Manager.Config                           : Properties read from the configuration file:
2025-01-11T01:28:45.326+01:00  INFO 9420 --- [restartedMain] Manager.Config                           : Datei erfolgreich ausgelesen. Service wird als null gestartet.
2025-01-11T01:28:45.344+01:00  INFO 9420 --- [restartedMain] .e.DevToolsPropertyDefaultsPostProcessor : Devtools property defaults active! Set 'spring.devtools.add-properties' to 'false' to disable
2025-01-11T01:28:45.344+01:00  INFO 9420 --- [restartedMain] .e.DevToolsPropertyDefaultsPostProcessor : For additional web related logging consider setting the 'logging.level.web' property to 'DEBUG'
2025-01-11T01:28:45.346+01:00  INFO 9420 --- [restartedMain] com.messdiener.cms.v3.CMSXApplication    : Starting CMSXApplication using Java 23.0.1 with PID 9420 (X:\workspace\CentralManagmentSystemX\target\classes started by xcg54 in X:\workspace\CentralManagmentSystemX)
2025-01-11T01:28:45.346+01:00  INFO 9420 --- [restartedMain] com.messdiener.cms.v3.CMSXApplication    : No active profile set, falling back to 1 default profile: "default"
2025-01-11T01:28:45.478+01:00  INFO 9420 --- [restartedMain] o.s.b.w.embedded.tomcat.TomcatWebServer  : Tomcat initialized with ports 9101 (https), 9001 (http)
2025-01-11T01:28:45.479+01:00  INFO 9420 --- [restartedMain] o.apache.catalina.core.StandardService   : Starting service [Tomcat]
2025-01-11T01:28:45.479+01:00  INFO 9420 --- [restartedMain] o.apache.catalina.core.StandardEngine    : Starting Servlet engine: [Apache Tomcat/10.1.34]
2025-01-11T01:28:45.491+01:00  INFO 9420 --- [restartedMain] o.a.c.c.C.[Tomcat].[localhost].[/]       : Initializing Spring embedded WebApplicationContext
2025-01-11T01:28:45.492+01:00  INFO 9420 --- [restartedMain] w.s.c.ServletWebServerApplicationContext : Root WebApplicationContext: initialization completed in 170 ms
2025-01-11T01:28:45.499+01:00  INFO 9420 --- [restartedMain] o.s.b.w.embedded.tomcat.TomcatWebServer  : Tomcat initialized with ports 9101 (https), 9001 (http)
2025-01-11T01:28:45.500+01:00  INFO 9420 --- [restartedMain] o.apache.catalina.core.StandardService   : Starting service [Tomcat]
2025-01-11T01:28:45.500+01:00  INFO 9420 --- [restartedMain] o.apache.catalina.core.StandardEngine    : Starting Servlet engine: [Apache Tomcat/10.1.34]
2025-01-11T01:28:45.511+01:00  INFO 9420 --- [restartedMain] r$InitializeUserDetailsManagerConfigurer : Global AuthenticationManager configured with UserDetailsService bean with name userDetailsService
2025-01-11T01:28:45.511+01:00  INFO 9420 --- [restartedMain] o.a.c.c.C.[Tomcat-1].[localhost].[/]     : Initializing Spring embedded WebApplicationContext
2025-01-11T01:28:45.511+01:00  INFO 9420 --- [restartedMain] w.s.c.ServletWebServerApplicationContext : Root WebApplicationContext: initialization completed in 165 ms
2025-01-11T01:28:45.514+01:00  INFO 9420 --- [restartedMain] o.s.b.a.w.s.WelcomePageHandlerMapping    : Adding welcome page template: index
2025-01-11T01:28:45.527+01:00  INFO 9420 --- [restartedMain] r$InitializeUserDetailsManagerConfigurer : Global AuthenticationManager configured with UserDetailsService bean with name userDetailsService
2025-01-11T01:28:45.530+01:00  INFO 9420 --- [restartedMain] o.s.b.a.w.s.WelcomePageHandlerMapping    : Adding welcome page template: index
2025-01-11T01:28:45.539+01:00  INFO 9420 --- [restartedMain] o.s.b.a.e.web.EndpointLinksResolver      : Exposing 1 endpoint beneath base path '/actuator'
2025-01-11T01:28:45.545+01:00  INFO 9420 --- [restartedMain] o.s.s.w.a.c.ChannelProcessingFilter      : Validated configuration attributes
2025-01-11T01:28:45.553+01:00  INFO 9420 --- [restartedMain] o.s.b.a.e.web.EndpointLinksResolver      : Exposing 1 endpoint beneath base path '/actuator'
2025-01-11T01:28:45.559+01:00  INFO 9420 --- [restartedMain] o.s.s.w.a.c.ChannelProcessingFilter      : Validated configuration attributes
2025-01-11T01:28:45.564+01:00  INFO 9420 --- [restartedMain] o.s.b.d.a.OptionalLiveReloadServer       : LiveReload server is running on port 35729
2025-01-11T01:28:45.575+01:00  WARN 9420 --- [restartedMain] ConfigServletWebServerApplicationContext : Exception encountered during context initialization - cancelling refresh attempt: org.springframework.beans.factory.BeanCreationException: Error creating bean with name 'springApplicationAdminRegistrar' defined in class path resource [org/springframework/boot/autoconfigure/admin/SpringApplicationAdminJmxAutoConfiguration.class]: org.springframework.boot:type=Admin,name=SpringApplication
2025-01-11T01:28:45.576+01:00  INFO 9420 --- [restartedMain] o.apache.catalina.core.StandardService   : Stopping service [Tomcat]
2025-01-11T01:28:45.579+01:00  INFO 9420 --- [restartedMain] .s.b.a.l.ConditionEvaluationReportLogger : 

Error starting ApplicationContext. To display the condition evaluation report re-run your application with 'debug' enabled.
2025-01-11T01:28:45.589+01:00 ERROR 9420 --- [restartedMain] o.s.boot.SpringApplication               : Application run failed

org.springframework.beans.factory.BeanCreationException: Error creating bean with name 'springApplicationAdminRegistrar' defined in class path resource [org/springframework/boot/autoconfigure/admin/SpringApplicationAdminJmxAutoConfiguration.class]: org.springframework.boot:type=Admin,name=SpringApplication
	at org.springframework.beans.factory.support.AbstractAutowireCapableBeanFactory.initializeBean(AbstractAutowireCapableBeanFactory.java:1808) ~[spring-beans-6.2.1.jar:6.2.1]
	at org.springframework.beans.factory.support.AbstractAutowireCapableBeanFactory.doCreateBean(AbstractAutowireCapableBeanFactory.java:601) ~[spring-beans-6.2.1.jar:6.2.1]
	at org.springframework.beans.factory.support.AbstractAutowireCapableBeanFactory.createBean(AbstractAutowireCapableBeanFactory.java:523) ~[spring-beans-6.2.1.jar:6.2.1]
	at org.springframework.beans.factory.support.AbstractBeanFactory.lambda$doGetBean$0(AbstractBeanFactory.java:336) ~[spring-beans-6.2.1.jar:6.2.1]
	at org.springframework.beans.factory.support.DefaultSingletonBeanRegistry.getSingleton(DefaultSingletonBeanRegistry.java:289) ~[spring-beans-6.2.1.jar:6.2.1]
	at org.springframework.beans.factory.support.AbstractBeanFactory.doGetBean(AbstractBeanFactory.java:334) ~[spring-beans-6.2.1.jar:6.2.1]
	at org.springframework.beans.factory.support.AbstractBeanFactory.getBean(AbstractBeanFactory.java:199) ~[spring-beans-6.2.1.jar:6.2.1]
	at org.springframework.beans.factory.support.DefaultListableBeanFactory.instantiateSingleton(DefaultListableBeanFactory.java:1122) ~[spring-beans-6.2.1.jar:6.2.1]
	at org.springframework.beans.factory.support.DefaultListableBeanFactory.preInstantiateSingleton(DefaultListableBeanFactory.java:1093) ~[spring-beans-6.2.1.jar:6.2.1]
	at org.springframework.beans.factory.support.DefaultListableBeanFactory.preInstantiateSingletons(DefaultListableBeanFactory.java:1030) ~[spring-beans-6.2.1.jar:6.2.1]
	at org.springframework.context.support.AbstractApplicationContext.finishBeanFactoryInitialization(AbstractApplicationContext.java:987) ~[spring-context-6.2.1.jar:6.2.1]
	at org.springframework.context.support.AbstractApplicationContext.refresh(AbstractApplicationContext.java:627) ~[spring-context-6.2.1.jar:6.2.1]
	at org.springframework.boot.web.servlet.context.ServletWebServerApplicationContext.refresh(ServletWebServerApplicationContext.java:146) ~[spring-boot-3.4.1.jar:3.4.1]
	at org.springframework.boot.SpringApplication.refresh(SpringApplication.java:752) ~[spring-boot-3.4.1.jar:3.4.1]
	at org.springframework.boot.SpringApplication.refreshContext(SpringApplication.java:439) ~[spring-boot-3.4.1.jar:3.4.1]
	at org.springframework.boot.SpringApplication.run(SpringApplication.java:318) ~[spring-boot-3.4.1.jar:3.4.1]
	at org.springframework.boot.SpringApplication.run(SpringApplication.java:1361) ~[spring-boot-3.4.1.jar:3.4.1]
	at org.springframework.boot.SpringApplication.run(SpringApplication.java:1350) ~[spring-boot-3.4.1.jar:3.4.1]
	at com.messdiener.cms.v3.CMSXApplication.main(CMSXApplication.java:13) ~[classes/:na]
	at java.base/jdk.internal.reflect.DirectMethodHandleAccessor.invoke(DirectMethodHandleAccessor.java:103) ~[na:na]
	at java.base/java.lang.reflect.Method.invoke(Method.java:580) ~[na:na]
	at org.springframework.boot.devtools.restart.RestartLauncher.run(RestartLauncher.java:50) ~[spring-boot-devtools-3.4.1.jar:3.4.1]
Caused by: javax.management.InstanceAlreadyExistsException: org.springframework.boot:type=Admin,name=SpringApplication
	at java.management/com.sun.jmx.mbeanserver.Repository.addMBean(Repository.java:322) ~[na:na]
	at java.management/com.sun.jmx.interceptor.DefaultMBeanServerInterceptor.registerWithRepository(DefaultMBeanServerInterceptor.java:1848) ~[na:na]
	at java.management/com.sun.jmx.interceptor.DefaultMBeanServerInterceptor.registerDynamicMBean(DefaultMBeanServerInterceptor.java:945) ~[na:na]
	at java.management/com.sun.jmx.interceptor.DefaultMBeanServerInterceptor.registerObject(DefaultMBeanServerInterceptor.java:880) ~[na:na]
	at java.management/com.sun.jmx.interceptor.DefaultMBeanServerInterceptor.registerMBean(DefaultMBeanServerInterceptor.java:315) ~[na:na]
	at java.management/com.sun.jmx.mbeanserver.JmxMBeanServer.registerMBean(JmxMBeanServer.java:523) ~[na:na]
	at org.springframework.boot.admin.SpringApplicationAdminMXBeanRegistrar.afterPropertiesSet(SpringApplicationAdminMXBeanRegistrar.java:129) ~[spring-boot-3.4.1.jar:3.4.1]
	at org.springframework.beans.factory.support.AbstractAutowireCapableBeanFactory.invokeInitMethods(AbstractAutowireCapableBeanFactory.java:1855) ~[spring-beans-6.2.1.jar:6.2.1]
	at org.springframework.beans.factory.support.AbstractAutowireCapableBeanFactory.initializeBean(AbstractAutowireCapableBeanFactory.java:1804) ~[spring-beans-6.2.1.jar:6.2.1]
	... 21 common frames omitted

2025-01-11T01:28:45.618+01:00  INFO 9420 --- [restartedMain] o.s.b.w.embedded.tomcat.TomcatWebServer  : Tomcat started on ports 9101 (https), 9001 (http) with context path '/'
2025-01-11T01:28:45.620+01:00  INFO 9420 --- [restartedMain] com.messdiener.cms.v3.CMSXApplication    : Started CMSXApplication in 0.309 seconds (process running for 1444.814)
2025-01-11T01:28:45.621+01:00  INFO 9420 --- [restartedMain] .ConditionEvaluationDeltaLoggingListener : Condition evaluation delta:


==========================
CONDITION EVALUATION DELTA
==========================


Positive matches:
-----------------

    None


Negative matches:
-----------------

   ErrorMvcAutoConfiguration#basicErrorController:
      Did not match:
         - @ConditionalOnMissingBean (types: org.springframework.boot.web.servlet.error.ErrorController; SearchStrategy: current) found beans of type 'org.springframework.boot.web.servlet.error.ErrorController' customErrorController (OnBeanCondition)

   ManagementWebSecurityAutoConfiguration:
      Did not match:
         - AllNestedConditions 1 matched 1 did not; NestedCondition on DefaultWebSecurityCondition.Beans @ConditionalOnMissingBean (types: org.springframework.security.web.SecurityFilterChain; SearchStrategy: all) found beans of type 'org.springframework.security.web.SecurityFilterChain' securityFilterChain; NestedCondition on DefaultWebSecurityCondition.Classes @ConditionalOnClass found required classes 'org.springframework.security.web.SecurityFilterChain', 'org.springframework.security.config.annotation.web.builders.HttpSecurity' (DefaultWebSecurityCondition)
      Matched:
         - found 'session' scope (OnWebApplicationCondition)

   ServletWebServerFactoryConfiguration.EmbeddedTomcat:
      Did not match:
         - @ConditionalOnMissingBean (types: org.springframework.boot.web.servlet.server.ServletWebServerFactory; SearchStrategy: current) found beans of type 'org.springframework.boot.web.servlet.server.ServletWebServerFactory' servletContainer (OnBeanCondition)
      Matched:
         - @ConditionalOnClass found required classes 'jakarta.servlet.Servlet', 'org.apache.catalina.startup.Tomcat', 'org.apache.coyote.UpgradeProtocol' (OnClassCondition)

   UserDetailsServiceAutoConfiguration:
      Did not match:
         - @ConditionalOnMissingBean (types: org.springframework.security.authentication.AuthenticationManager,org.springframework.security.authentication.AuthenticationProvider,org.springframework.security.core.userdetails.UserDetailsService,org.springframework.security.authentication.AuthenticationManagerResolver,org.springframework.security.oauth2.jwt.JwtDecoder; SearchStrategy: all) found beans of type 'org.springframework.security.core.userdetails.UserDetailsService' userDetailsService (OnBeanCondition)
      Matched:
         - @ConditionalOnClass found required class 'org.springframework.security.authentication.AuthenticationManager' (OnClassCondition)
         - found 'session' scope (OnWebApplicationCondition)
         - AnyNestedCondition 1 matched 2 did not; NestedCondition on UserDetailsServiceAutoConfiguration.MissingAlternativeOrUserPropertiesConfigured.PasswordConfigured @ConditionalOnProperty (spring.security.user.password) did not find property 'password'; NestedCondition on UserDetailsServiceAutoConfiguration.MissingAlternativeOrUserPropertiesConfigured.NameConfigured @ConditionalOnProperty (spring.security.user.name) did not find property 'name'; NestedCondition on UserDetailsServiceAutoConfiguration.MissingAlternativeOrUserPropertiesConfigured.MissingAlternative @ConditionalOnMissingClass did not find unwanted classes 'org.springframework.security.oauth2.client.registration.ClientRegistrationRepository', 'org.springframework.security.oauth2.server.resource.introspection.OpaqueTokenIntrospector', 'org.springframework.security.saml2.provider.service.registration.RelyingPartyRegistrationRepository' (UserDetailsServiceAutoConfiguration.MissingAlternativeOrUserPropertiesConfigured)


Exclusions:
-----------

    None


Unconditional classes:
----------------------

    None



2025-01-11T01:33:41.308+01:00  INFO 9420 --- [https-jsse-nio-9101-exec-10] o.s.web.servlet.DispatcherServlet        : Initializing Servlet 'dispatcherServlet'
2025-01-11T01:33:41.308+01:00  INFO 9420 --- [https-jsse-nio-9101-exec-10] o.s.web.servlet.DispatcherServlet        : Completed initialization in 0 ms
